2024-10-04 00:19:49 INFO  [background-preinit] o.h.validator.internal.util.Version - HV000001: Hibernate Validator 6.2.0.Final
2024-10-04 00:19:49 INFO  [main] com.test.Main - Starting Main using Java 1.8.0_422 on YuDesktop with PID 10940 (C:\Users\Yu FAN\Desktop\web_dev\SpringbootProject\MVC\target\classes started by YuFAN in C:\Users\Yu FAN\Desktop\web_dev\SpringbootProject)
2024-10-04 00:19:49 INFO  [main] com.test.Main - No active profile set, falling back to default profiles: default
2024-10-04 00:19:49 WARN  [background-preinit] o.s.h.c.j.Jackson2ObjectMapperBuilder - For Jackson Kotlin classes support please add "com.fasterxml.jackson.module:jackson-module-kotlin" to the classpath
2024-10-04 00:19:50 INFO  [main] o.s.d.r.c.RepositoryConfigurationDelegate - Multiple Spring Data modules found, entering strict repository configuration mode!
2024-10-04 00:19:50 INFO  [main] o.s.d.r.c.RepositoryConfigurationDelegate - Bootstrapping Spring Data Redis repositories in DEFAULT mode.
2024-10-04 00:19:50 INFO  [main] o.s.d.r.c.RepositoryConfigurationDelegate - Finished Spring Data repository scanning in 11 ms. Found 0 Redis repository interfaces.
2024-10-04 00:19:50 INFO  [main] o.s.c.s.PostProcessorRegistrationDelegate$BeanPostProcessorChecker - Bean 'org.springframework.security.access.expression.method.DefaultMethodSecurityExpressionHandler@b8a7e43' of type [org.springframework.security.access.expression.method.DefaultMethodSecurityExpressionHandler] is not eligible for getting processed by all BeanPostProcessors (for example: not eligible for auto-proxying)
2024-10-04 00:19:50 INFO  [main] o.s.c.s.PostProcessorRegistrationDelegate$BeanPostProcessorChecker - Bean 'methodSecurityMetadataSource' of type [org.springframework.security.access.method.DelegatingMethodSecurityMetadataSource] is not eligible for getting processed by all BeanPostProcessors (for example: not eligible for auto-proxying)
2024-10-04 00:19:50 INFO  [main] o.s.b.w.e.tomcat.TomcatWebServer - Tomcat initialized with port(s): 8081 (http)
2024-10-04 00:19:50 INFO  [main] o.a.coyote.http11.Http11NioProtocol - Initializing ProtocolHandler ["http-nio-8081"]
2024-10-04 00:19:50 INFO  [main] o.a.catalina.core.StandardService - Starting service [Tomcat]
2024-10-04 00:19:50 INFO  [main] o.a.catalina.core.StandardEngine - Starting Servlet engine: [Apache Tomcat/9.0.46]
2024-10-04 00:19:50 INFO  [main] o.a.c.c.C.[Tomcat].[localhost].[/] - Initializing Spring embedded WebApplicationContext
2024-10-04 00:19:50 INFO  [main] o.s.b.w.s.c.ServletWebServerApplicationContext - Root WebApplicationContext: initialization completed in 922 ms
2024-10-04 00:19:51 INFO  [main] o.s.s.web.DefaultSecurityFilterChain - Will secure any request with [org.springframework.security.web.context.request.async.WebAsyncManagerIntegrationFilter@10177794, org.springframework.security.web.context.SecurityContextPersistenceFilter@1cb9ef52, org.springframework.security.web.header.HeaderWriterFilter@1a2e0d57, org.springframework.web.filter.CorsFilter@e5c2463, com.test.filter.JwtAuthenticationTokenFilter@ef60710, org.springframework.security.web.savedrequest.RequestCacheAwareFilter@58f31629, org.springframework.security.web.servletapi.SecurityContextHolderAwareRequestFilter@1cbc1dde, org.springframework.security.web.authentication.AnonymousAuthenticationFilter@6a950a3b, org.springframework.security.web.session.SessionManagementFilter@549ac12c, org.springframework.security.web.access.ExceptionTranslationFilter@149c39b, org.springframework.security.web.access.intercept.FilterSecurityInterceptor@72028a45]
2024-10-04 00:19:51 INFO  [main] o.a.coyote.http11.Http11NioProtocol - Starting ProtocolHandler ["http-nio-8081"]
2024-10-04 00:19:51 INFO  [main] o.s.b.w.e.tomcat.TomcatWebServer - Tomcat started on port(s): 8081 (http) with context path ''
2024-10-04 00:19:51 INFO  [main] com.test.Main - Started Main in 2.378 seconds (JVM running for 2.934)
2024-10-04 00:19:51 INFO  [main] o.s.b.a.ApplicationAvailabilityBean - Application availability state LivenessState changed to CORRECT
2024-10-04 00:19:51 INFO  [main] o.s.b.a.ApplicationAvailabilityBean - Application availability state ReadinessState changed to ACCEPTING_TRAFFIC
2024-10-04 00:19:57 INFO  [http-nio-8081-exec-1] o.a.c.c.C.[Tomcat].[localhost].[/] - Initializing Spring DispatcherServlet 'dispatcherServlet'
2024-10-04 00:19:57 INFO  [http-nio-8081-exec-1] o.s.web.servlet.DispatcherServlet - Initializing Servlet 'dispatcherServlet'
2024-10-04 00:19:57 INFO  [http-nio-8081-exec-1] o.s.web.servlet.DispatcherServlet - Completed initialization in 1 ms
2024-10-04 01:12:29 INFO  [http-nio-8081-exec-5] c.test.service.impl.FileServiceImpl - 文件夹创建成功: C:\Users\Yu FAN\Desktop\web_dev\SpringbootProject\file\余杭地区\abc
2024-10-04 10:42:02 INFO  [background-preinit] o.h.validator.internal.util.Version - HV000001: Hibernate Validator 6.2.0.Final
2024-10-04 10:42:02 INFO  [main] com.test.Main - Starting Main using Java 1.8.0_422 on YuDesktop with PID 6236 (C:\Users\Yu FAN\Desktop\web_dev\SpringbootProject\MVC\target\classes started by YuFAN in C:\Users\Yu FAN\Desktop\web_dev\SpringbootProject)
2024-10-04 10:42:02 INFO  [main] com.test.Main - No active profile set, falling back to default profiles: default
2024-10-04 10:42:02 WARN  [background-preinit] o.s.h.c.j.Jackson2ObjectMapperBuilder - For Jackson Kotlin classes support please add "com.fasterxml.jackson.module:jackson-module-kotlin" to the classpath
2024-10-04 10:42:03 INFO  [main] o.s.d.r.c.RepositoryConfigurationDelegate - Multiple Spring Data modules found, entering strict repository configuration mode!
2024-10-04 10:42:03 INFO  [main] o.s.d.r.c.RepositoryConfigurationDelegate - Bootstrapping Spring Data Redis repositories in DEFAULT mode.
2024-10-04 10:42:03 INFO  [main] o.s.d.r.c.RepositoryConfigurationDelegate - Finished Spring Data repository scanning in 12 ms. Found 0 Redis repository interfaces.
2024-10-04 10:42:03 INFO  [main] o.s.c.s.PostProcessorRegistrationDelegate$BeanPostProcessorChecker - Bean 'org.springframework.security.access.expression.method.DefaultMethodSecurityExpressionHandler@62e7dffa' of type [org.springframework.security.access.expression.method.DefaultMethodSecurityExpressionHandler] is not eligible for getting processed by all BeanPostProcessors (for example: not eligible for auto-proxying)
2024-10-04 10:42:03 INFO  [main] o.s.c.s.PostProcessorRegistrationDelegate$BeanPostProcessorChecker - Bean 'methodSecurityMetadataSource' of type [org.springframework.security.access.method.DelegatingMethodSecurityMetadataSource] is not eligible for getting processed by all BeanPostProcessors (for example: not eligible for auto-proxying)
2024-10-04 10:42:03 INFO  [main] o.s.b.w.e.tomcat.TomcatWebServer - Tomcat initialized with port(s): 8081 (http)
2024-10-04 10:42:03 INFO  [main] o.a.coyote.http11.Http11NioProtocol - Initializing ProtocolHandler ["http-nio-8081"]
2024-10-04 10:42:03 INFO  [main] o.a.catalina.core.StandardService - Starting service [Tomcat]
2024-10-04 10:42:03 INFO  [main] o.a.catalina.core.StandardEngine - Starting Servlet engine: [Apache Tomcat/9.0.46]
2024-10-04 10:42:03 INFO  [main] o.a.c.c.C.[Tomcat].[localhost].[/] - Initializing Spring embedded WebApplicationContext
2024-10-04 10:42:03 INFO  [main] o.s.b.w.s.c.ServletWebServerApplicationContext - Root WebApplicationContext: initialization completed in 1336 ms
2024-10-04 10:42:05 INFO  [main] o.s.s.web.DefaultSecurityFilterChain - Will secure any request with [org.springframework.security.web.context.request.async.WebAsyncManagerIntegrationFilter@88b76f2, org.springframework.security.web.context.SecurityContextPersistenceFilter@15639d09, org.springframework.security.web.header.HeaderWriterFilter@481b2f10, org.springframework.web.filter.CorsFilter@1b4872bc, com.test.filter.JwtAuthenticationTokenFilter@3e4e4c1, org.springframework.security.web.savedrequest.RequestCacheAwareFilter@52bd9a27, org.springframework.security.web.servletapi.SecurityContextHolderAwareRequestFilter@5696c927, org.springframework.security.web.authentication.AnonymousAuthenticationFilter@498a612d, org.springframework.security.web.session.SessionManagementFilter@7634f2b, org.springframework.security.web.access.ExceptionTranslationFilter@740dcae3, org.springframework.security.web.access.intercept.FilterSecurityInterceptor@489bc8fd]
2024-10-04 10:42:05 INFO  [main] o.a.coyote.http11.Http11NioProtocol - Starting ProtocolHandler ["http-nio-8081"]
2024-10-04 10:42:05 INFO  [main] o.s.b.w.e.tomcat.TomcatWebServer - Tomcat started on port(s): 8081 (http) with context path ''
2024-10-04 10:42:05 INFO  [main] com.test.Main - Started Main in 2.951 seconds (JVM running for 3.635)
2024-10-04 10:42:05 INFO  [main] o.s.b.a.ApplicationAvailabilityBean - Application availability state LivenessState changed to CORRECT
2024-10-04 10:42:05 INFO  [main] o.s.b.a.ApplicationAvailabilityBean - Application availability state ReadinessState changed to ACCEPTING_TRAFFIC
2024-10-04 10:42:45 INFO  [http-nio-8081-exec-1] o.a.c.c.C.[Tomcat].[localhost].[/] - Initializing Spring DispatcherServlet 'dispatcherServlet'
2024-10-04 10:42:45 INFO  [http-nio-8081-exec-1] o.s.web.servlet.DispatcherServlet - Initializing Servlet 'dispatcherServlet'
2024-10-04 10:42:45 INFO  [http-nio-8081-exec-1] o.s.web.servlet.DispatcherServlet - Completed initialization in 1 ms
2024-10-04 12:14:29 INFO  [http-nio-8081-exec-1] c.test.service.impl.FileServiceImpl - 文件夹创建成功: C:\Users\Yu FAN\Desktop\web_dev\SpringbootProject\file\余杭地区\abc
2024-10-04 12:37:45 INFO  [http-nio-8081-exec-7] c.test.service.impl.FileServiceImpl - 文件夹创建成功: C:\Users\Yu FAN\Desktop\web_dev\SpringbootProject\file\临平地区\hello
2024-10-04 12:59:04 INFO  [http-nio-8081-exec-4] c.test.service.impl.FileServiceImpl - 文件夹创建成功: C:\Users\Yu FAN\Desktop\web_dev\SpringbootProject\file\余杭地区\dafa
2024-10-04 15:01:02 INFO  [background-preinit] o.h.validator.internal.util.Version - HV000001: Hibernate Validator 6.2.0.Final
2024-10-04 15:01:02 INFO  [main] com.test.Main - Starting Main using Java 1.8.0_422 on YuDesktop with PID 21244 (C:\Users\Yu FAN\Desktop\web_dev\SpringbootProject\MVC\target\classes started by YuFAN in C:\Users\Yu FAN\Desktop\web_dev\SpringbootProject)
2024-10-04 15:01:02 INFO  [main] com.test.Main - No active profile set, falling back to default profiles: default
2024-10-04 15:01:03 WARN  [background-preinit] o.s.h.c.j.Jackson2ObjectMapperBuilder - For Jackson Kotlin classes support please add "com.fasterxml.jackson.module:jackson-module-kotlin" to the classpath
2024-10-04 15:01:03 INFO  [main] o.s.d.r.c.RepositoryConfigurationDelegate - Multiple Spring Data modules found, entering strict repository configuration mode!
2024-10-04 15:01:03 INFO  [main] o.s.d.r.c.RepositoryConfigurationDelegate - Bootstrapping Spring Data Redis repositories in DEFAULT mode.
2024-10-04 15:01:03 INFO  [main] o.s.d.r.c.RepositoryConfigurationDelegate - Finished Spring Data repository scanning in 13 ms. Found 0 Redis repository interfaces.
2024-10-04 15:01:03 INFO  [main] o.s.c.s.PostProcessorRegistrationDelegate$BeanPostProcessorChecker - Bean 'org.springframework.security.access.expression.method.DefaultMethodSecurityExpressionHandler@62e7dffa' of type [org.springframework.security.access.expression.method.DefaultMethodSecurityExpressionHandler] is not eligible for getting processed by all BeanPostProcessors (for example: not eligible for auto-proxying)
2024-10-04 15:01:03 INFO  [main] o.s.c.s.PostProcessorRegistrationDelegate$BeanPostProcessorChecker - Bean 'methodSecurityMetadataSource' of type [org.springframework.security.access.method.DelegatingMethodSecurityMetadataSource] is not eligible for getting processed by all BeanPostProcessors (for example: not eligible for auto-proxying)
2024-10-04 15:01:04 INFO  [main] o.s.b.w.e.tomcat.TomcatWebServer - Tomcat initialized with port(s): 8081 (http)
2024-10-04 15:01:04 INFO  [main] o.a.coyote.http11.Http11NioProtocol - Initializing ProtocolHandler ["http-nio-8081"]
2024-10-04 15:01:04 INFO  [main] o.a.catalina.core.StandardService - Starting service [Tomcat]
2024-10-04 15:01:04 INFO  [main] o.a.catalina.core.StandardEngine - Starting Servlet engine: [Apache Tomcat/9.0.46]
2024-10-04 15:01:04 INFO  [main] o.a.c.c.C.[Tomcat].[localhost].[/] - Initializing Spring embedded WebApplicationContext
2024-10-04 15:01:04 INFO  [main] o.s.b.w.s.c.ServletWebServerApplicationContext - Root WebApplicationContext: initialization completed in 1464 ms
2024-10-04 15:01:05 INFO  [main] o.s.s.web.DefaultSecurityFilterChain - Will secure any request with [org.springframework.security.web.context.request.async.WebAsyncManagerIntegrationFilter@c1e14f, org.springframework.security.web.context.SecurityContextPersistenceFilter@5ed5b321, org.springframework.security.web.header.HeaderWriterFilter@1c30cb85, org.springframework.web.filter.CorsFilter@226de93c, com.test.filter.JwtAuthenticationTokenFilter@3e4e4c1, org.springframework.security.web.savedrequest.RequestCacheAwareFilter@7459a21e, org.springframework.security.web.servletapi.SecurityContextHolderAwareRequestFilter@58eac00e, org.springframework.security.web.authentication.AnonymousAuthenticationFilter@72028a45, org.springframework.security.web.session.SessionManagementFilter@73ca34e7, org.springframework.security.web.access.ExceptionTranslationFilter@624b523, org.springframework.security.web.access.intercept.FilterSecurityInterceptor@531ec978]
2024-10-04 15:01:05 INFO  [main] o.a.coyote.http11.Http11NioProtocol - Starting ProtocolHandler ["http-nio-8081"]
2024-10-04 15:01:05 INFO  [main] o.s.b.w.e.tomcat.TomcatWebServer - Tomcat started on port(s): 8081 (http) with context path ''
2024-10-04 15:01:05 INFO  [main] com.test.Main - Started Main in 3.098 seconds (JVM running for 4.054)
2024-10-04 15:01:05 INFO  [main] o.s.b.a.ApplicationAvailabilityBean - Application availability state LivenessState changed to CORRECT
2024-10-04 15:01:05 INFO  [main] o.s.b.a.ApplicationAvailabilityBean - Application availability state ReadinessState changed to ACCEPTING_TRAFFIC
2024-10-04 15:06:37 INFO  [http-nio-8081-exec-1] o.a.c.c.C.[Tomcat].[localhost].[/] - Initializing Spring DispatcherServlet 'dispatcherServlet'
2024-10-04 15:06:37 INFO  [http-nio-8081-exec-1] o.s.web.servlet.DispatcherServlet - Initializing Servlet 'dispatcherServlet'
2024-10-04 15:06:37 INFO  [http-nio-8081-exec-1] o.s.web.servlet.DispatcherServlet - Completed initialization in 1 ms
2024-10-04 22:41:40 INFO  [background-preinit] o.h.validator.internal.util.Version - HV000001: Hibernate Validator 6.2.0.Final
2024-10-04 22:41:40 INFO  [main] com.test.Main - Starting Main using Java 1.8.0_422 on YuDesktop with PID 26232 (C:\Users\Yu FAN\Desktop\web_dev\SpringbootProject\MVC\target\classes started by YuFAN in C:\Users\Yu FAN\Desktop\web_dev\SpringbootProject)
2024-10-04 22:41:40 INFO  [main] com.test.Main - No active profile set, falling back to default profiles: default
2024-10-04 22:41:41 WARN  [background-preinit] o.s.h.c.j.Jackson2ObjectMapperBuilder - For Jackson Kotlin classes support please add "com.fasterxml.jackson.module:jackson-module-kotlin" to the classpath
2024-10-04 22:41:41 INFO  [main] o.s.d.r.c.RepositoryConfigurationDelegate - Multiple Spring Data modules found, entering strict repository configuration mode!
2024-10-04 22:41:41 INFO  [main] o.s.d.r.c.RepositoryConfigurationDelegate - Bootstrapping Spring Data Redis repositories in DEFAULT mode.
2024-10-04 22:41:41 INFO  [main] o.s.d.r.c.RepositoryConfigurationDelegate - Finished Spring Data repository scanning in 12 ms. Found 0 Redis repository interfaces.
2024-10-04 22:41:41 INFO  [main] o.s.c.s.PostProcessorRegistrationDelegate$BeanPostProcessorChecker - Bean 'org.springframework.security.access.expression.method.DefaultMethodSecurityExpressionHandler@b8a7e43' of type [org.springframework.security.access.expression.method.DefaultMethodSecurityExpressionHandler] is not eligible for getting processed by all BeanPostProcessors (for example: not eligible for auto-proxying)
2024-10-04 22:41:41 INFO  [main] o.s.c.s.PostProcessorRegistrationDelegate$BeanPostProcessorChecker - Bean 'methodSecurityMetadataSource' of type [org.springframework.security.access.method.DelegatingMethodSecurityMetadataSource] is not eligible for getting processed by all BeanPostProcessors (for example: not eligible for auto-proxying)
2024-10-04 22:41:41 INFO  [main] o.s.b.w.e.tomcat.TomcatWebServer - Tomcat initialized with port(s): 8081 (http)
2024-10-04 22:41:41 INFO  [main] o.a.coyote.http11.Http11NioProtocol - Initializing ProtocolHandler ["http-nio-8081"]
2024-10-04 22:41:41 INFO  [main] o.a.catalina.core.StandardService - Starting service [Tomcat]
2024-10-04 22:41:41 INFO  [main] o.a.catalina.core.StandardEngine - Starting Servlet engine: [Apache Tomcat/9.0.46]
2024-10-04 22:41:42 INFO  [main] o.a.c.c.C.[Tomcat].[localhost].[/] - Initializing Spring embedded WebApplicationContext
2024-10-04 22:41:42 INFO  [main] o.s.b.w.s.c.ServletWebServerApplicationContext - Root WebApplicationContext: initialization completed in 993 ms
2024-10-04 22:41:43 INFO  [main] o.s.s.web.DefaultSecurityFilterChain - Will secure any request with [org.springframework.security.web.context.request.async.WebAsyncManagerIntegrationFilter@23310248, org.springframework.security.web.context.SecurityContextPersistenceFilter@10980560, org.springframework.security.web.header.HeaderWriterFilter@7eeb38b2, org.springframework.web.filter.CorsFilter@c2df90e, com.test.filter.JwtAuthenticationTokenFilter@313f8301, org.springframework.security.web.savedrequest.RequestCacheAwareFilter@19b07407, org.springframework.security.web.servletapi.SecurityContextHolderAwareRequestFilter@549ac12c, org.springframework.security.web.authentication.AnonymousAuthenticationFilter@41f3aaf1, org.springframework.security.web.session.SessionManagementFilter@1a2e0d57, org.springframework.security.web.access.ExceptionTranslationFilter@5696c927, org.springframework.security.web.access.intercept.FilterSecurityInterceptor@260e3837]
2024-10-04 22:41:43 INFO  [main] o.a.coyote.http11.Http11NioProtocol - Starting ProtocolHandler ["http-nio-8081"]
2024-10-04 22:41:43 INFO  [main] o.s.b.w.e.tomcat.TomcatWebServer - Tomcat started on port(s): 8081 (http) with context path ''
2024-10-04 22:41:43 INFO  [main] com.test.Main - Started Main in 2.4 seconds (JVM running for 3.0)
2024-10-04 22:41:43 INFO  [main] o.s.b.a.ApplicationAvailabilityBean - Application availability state LivenessState changed to CORRECT
2024-10-04 22:41:43 INFO  [main] o.s.b.a.ApplicationAvailabilityBean - Application availability state ReadinessState changed to ACCEPTING_TRAFFIC
2024-10-04 22:41:49 INFO  [http-nio-8081-exec-1] o.a.c.c.C.[Tomcat].[localhost].[/] - Initializing Spring DispatcherServlet 'dispatcherServlet'
2024-10-04 22:41:49 INFO  [http-nio-8081-exec-1] o.s.web.servlet.DispatcherServlet - Initializing Servlet 'dispatcherServlet'
2024-10-04 22:41:49 INFO  [http-nio-8081-exec-1] o.s.web.servlet.DispatcherServlet - Completed initialization in 1 ms
