2025-02-06 13:33:02 INFO  [background-preinit] o.h.validator.internal.util.Version - HV000001: Hibernate Validator 6.2.0.Final
2025-02-06 13:33:02 INFO  [main] com.test.Main - Starting Main using Java 1.8.0_422 on YuDesktop with PID 15316 (C:\Users\Yu FAN\Desktop\web_dev\SpringbootProject\MVC\target\classes started by YuFAN in C:\Users\Yu FAN\Desktop\web_dev\SpringbootProject)
2025-02-06 13:33:02 INFO  [main] com.test.Main - No active profile set, falling back to default profiles: default
2025-02-06 13:33:02 WARN  [background-preinit] o.s.h.c.j.Jackson2ObjectMapperBuilder - For Jackson Kotlin classes support please add "com.fasterxml.jackson.module:jackson-module-kotlin" to the classpath
2025-02-06 13:33:03 INFO  [main] o.s.d.r.c.RepositoryConfigurationDelegate - Multiple Spring Data modules found, entering strict repository configuration mode!
2025-02-06 13:33:03 INFO  [main] o.s.d.r.c.RepositoryConfigurationDelegate - Bootstrapping Spring Data Redis repositories in DEFAULT mode.
2025-02-06 13:33:03 INFO  [main] o.s.d.r.c.RepositoryConfigurationDelegate - Finished Spring Data repository scanning in 19 ms. Found 0 Redis repository interfaces.
2025-02-06 13:33:04 INFO  [main] o.s.c.s.PostProcessorRegistrationDelegate$BeanPostProcessorChecker - Bean 'org.springframework.security.access.expression.method.DefaultMethodSecurityExpressionHandler@1bd0b0e5' of type [org.springframework.security.access.expression.method.DefaultMethodSecurityExpressionHandler] is not eligible for getting processed by all BeanPostProcessors (for example: not eligible for auto-proxying)
2025-02-06 13:33:04 INFO  [main] o.s.c.s.PostProcessorRegistrationDelegate$BeanPostProcessorChecker - Bean 'methodSecurityMetadataSource' of type [org.springframework.security.access.method.DelegatingMethodSecurityMetadataSource] is not eligible for getting processed by all BeanPostProcessors (for example: not eligible for auto-proxying)
2025-02-06 13:33:04 INFO  [main] o.s.b.w.e.tomcat.TomcatWebServer - Tomcat initialized with port(s): 8081 (http)
2025-02-06 13:33:04 INFO  [main] o.a.coyote.http11.Http11NioProtocol - Initializing ProtocolHandler ["http-nio-8081"]
2025-02-06 13:33:04 INFO  [main] o.a.catalina.core.StandardService - Starting service [Tomcat]
2025-02-06 13:33:04 INFO  [main] o.a.catalina.core.StandardEngine - Starting Servlet engine: [Apache Tomcat/9.0.46]
2025-02-06 13:33:04 INFO  [main] o.a.c.c.C.[Tomcat].[localhost].[/] - Initializing Spring embedded WebApplicationContext
2025-02-06 13:33:04 INFO  [main] o.s.b.w.s.c.ServletWebServerApplicationContext - Root WebApplicationContext: initialization completed in 1676 ms
2025-02-06 13:33:05 INFO  [main] o.s.s.web.DefaultSecurityFilterChain - Will secure any request with [org.springframework.security.web.context.request.async.WebAsyncManagerIntegrationFilter@3830b06c, org.springframework.security.web.context.SecurityContextPersistenceFilter@47a4eee2, org.springframework.security.web.header.HeaderWriterFilter@7e52a26b, org.springframework.web.filter.CorsFilter@3e28d779, com.test.filter.JwtAuthenticationTokenFilter@71f1cc02, org.springframework.security.web.savedrequest.RequestCacheAwareFilter@2afdf6b7, org.springframework.security.web.servletapi.SecurityContextHolderAwareRequestFilter@6de004f1, org.springframework.security.web.authentication.AnonymousAuthenticationFilter@15214920, org.springframework.security.web.session.SessionManagementFilter@168142da, org.springframework.security.web.access.ExceptionTranslationFilter@47df5041, org.springframework.security.web.access.intercept.FilterSecurityInterceptor@fbe70d8]
2025-02-06 13:33:05 INFO  [main] o.a.coyote.http11.Http11NioProtocol - Starting ProtocolHandler ["http-nio-8081"]
2025-02-06 13:33:05 INFO  [main] o.s.b.w.e.tomcat.TomcatWebServer - Tomcat started on port(s): 8081 (http) with context path ''
2025-02-06 13:33:05 INFO  [main] com.test.Main - Started Main in 3.543 seconds (JVM running for 4.697)
2025-02-06 13:33:05 INFO  [main] o.s.b.a.ApplicationAvailabilityBean - Application availability state LivenessState changed to CORRECT
2025-02-06 13:33:05 INFO  [main] o.s.b.a.ApplicationAvailabilityBean - Application availability state ReadinessState changed to ACCEPTING_TRAFFIC
2025-02-06 13:33:25 INFO  [http-nio-8081-exec-1] o.a.c.c.C.[Tomcat].[localhost].[/] - Initializing Spring DispatcherServlet 'dispatcherServlet'
2025-02-06 13:33:25 INFO  [http-nio-8081-exec-1] o.s.web.servlet.DispatcherServlet - Initializing Servlet 'dispatcherServlet'
2025-02-06 13:33:25 INFO  [http-nio-8081-exec-1] o.s.web.servlet.DispatcherServlet - Completed initialization in 1 ms
2025-02-06 13:33:26 INFO  [http-nio-8081-exec-1] com.zaxxer.hikari.HikariDataSource - HikariPool-1 - Starting...
2025-02-06 13:33:26 INFO  [http-nio-8081-exec-1] com.zaxxer.hikari.HikariDataSource - HikariPool-1 - Start completed.
2025-02-06 13:33:27 INFO  [http-nio-8081-exec-1] c.test.service.impl.LoginServiceImpl - 登录用户为：18768186599,登录时间为：2025-02-06 13:33:27
2025-02-06 13:34:19 INFO  [http-nio-8081-exec-6] c.test.service.impl.LoginServiceImpl - 登出用户为：18768186599,登出时间为：2025-02-06 13:34:19
2025-02-06 13:34:39 INFO  [http-nio-8081-exec-7] c.test.service.impl.LoginServiceImpl - 登录用户为：15888867999,登录时间为：2025-02-06 13:34:39
2025-02-06 13:35:24 INFO  [http-nio-8081-exec-9] c.test.service.impl.LoginServiceImpl - 登出用户为：15888867999,登出时间为：2025-02-06 13:35:24
2025-02-06 13:35:43 INFO  [http-nio-8081-exec-10] c.test.service.impl.LoginServiceImpl - 登录用户为：18768186599,登录时间为：2025-02-06 13:35:43
2025-02-06 13:37:21 INFO  [http-nio-8081-exec-5] c.test.service.impl.LoginServiceImpl - 登出用户为：18768186599,登出时间为：2025-02-06 13:37:21
2025-02-06 13:41:11 INFO  [lettuce-nioEventLoop-4-1] i.l.core.protocol.CommandHandler - null Unexpected exception during request: java.io.IOException: 远程主机强迫关闭了一个现有的连接。
java.io.IOException: 远程主机强迫关闭了一个现有的连接。
	at sun.nio.ch.SocketDispatcher.read0(Native Method)
	at sun.nio.ch.SocketDispatcher.read(SocketDispatcher.java:43)
	at sun.nio.ch.IOUtil.readIntoNativeBuffer(IOUtil.java:223)
	at sun.nio.ch.IOUtil.read(IOUtil.java:192)
	at sun.nio.ch.SocketChannelImpl.read(SocketChannelImpl.java:379)
	at io.netty.buffer.PooledByteBuf.setBytes(PooledByteBuf.java:253)
	at io.netty.buffer.AbstractByteBuf.writeBytes(AbstractByteBuf.java:1132)
	at io.netty.channel.socket.nio.NioSocketChannel.doReadBytes(NioSocketChannel.java:350)
	at io.netty.channel.nio.AbstractNioByteChannel$NioByteUnsafe.read(AbstractNioByteChannel.java:151)
	at io.netty.channel.nio.NioEventLoop.processSelectedKey(NioEventLoop.java:719)
	at io.netty.channel.nio.NioEventLoop.processSelectedKeysOptimized(NioEventLoop.java:655)
	at io.netty.channel.nio.NioEventLoop.processSelectedKeys(NioEventLoop.java:581)
	at io.netty.channel.nio.NioEventLoop.run(NioEventLoop.java:493)
	at io.netty.util.concurrent.SingleThreadEventExecutor$4.run(SingleThreadEventExecutor.java:989)
	at io.netty.util.internal.ThreadExecutorMap$2.run(ThreadExecutorMap.java:74)
	at io.netty.util.concurrent.FastThreadLocalRunnable.run(FastThreadLocalRunnable.java:30)
	at java.lang.Thread.run(Thread.java:750)
2025-02-06 13:41:11 INFO  [lettuce-eventExecutorLoop-1-4] i.l.core.protocol.ConnectionWatchdog - Reconnecting, last destination was localhost/127.0.0.1:6379
2025-02-06 13:41:13 WARN  [lettuce-nioEventLoop-4-2] i.l.core.protocol.ConnectionWatchdog - Cannot reconnect to [localhost:6379]: Connection refused: no further information: localhost/127.0.0.1:6379
2025-02-06 15:10:35 INFO  [background-preinit] o.h.validator.internal.util.Version - HV000001: Hibernate Validator 6.2.0.Final
2025-02-06 15:10:35 INFO  [main] com.test.Main - Starting Main using Java 1.8.0_422 on YuDesktop with PID 10632 (C:\Users\Yu FAN\Desktop\web_dev\SpringbootProject\MVC\target\classes started by YuFAN in C:\Users\Yu FAN\Desktop\web_dev\SpringbootProject)
2025-02-06 15:10:35 INFO  [main] com.test.Main - No active profile set, falling back to default profiles: default
2025-02-06 15:10:35 WARN  [background-preinit] o.s.h.c.j.Jackson2ObjectMapperBuilder - For Jackson Kotlin classes support please add "com.fasterxml.jackson.module:jackson-module-kotlin" to the classpath
2025-02-06 15:10:36 INFO  [main] o.s.d.r.c.RepositoryConfigurationDelegate - Multiple Spring Data modules found, entering strict repository configuration mode!
2025-02-06 15:10:36 INFO  [main] o.s.d.r.c.RepositoryConfigurationDelegate - Bootstrapping Spring Data Redis repositories in DEFAULT mode.
2025-02-06 15:10:36 INFO  [main] o.s.d.r.c.RepositoryConfigurationDelegate - Finished Spring Data repository scanning in 18 ms. Found 0 Redis repository interfaces.
2025-02-06 15:10:36 INFO  [main] o.s.c.s.PostProcessorRegistrationDelegate$BeanPostProcessorChecker - Bean 'org.springframework.security.access.expression.method.DefaultMethodSecurityExpressionHandler@21422231' of type [org.springframework.security.access.expression.method.DefaultMethodSecurityExpressionHandler] is not eligible for getting processed by all BeanPostProcessors (for example: not eligible for auto-proxying)
2025-02-06 15:10:36 INFO  [main] o.s.c.s.PostProcessorRegistrationDelegate$BeanPostProcessorChecker - Bean 'methodSecurityMetadataSource' of type [org.springframework.security.access.method.DelegatingMethodSecurityMetadataSource] is not eligible for getting processed by all BeanPostProcessors (for example: not eligible for auto-proxying)
2025-02-06 15:10:36 INFO  [main] o.s.b.w.e.tomcat.TomcatWebServer - Tomcat initialized with port(s): 8081 (http)
2025-02-06 15:10:36 INFO  [main] o.a.coyote.http11.Http11NioProtocol - Initializing ProtocolHandler ["http-nio-8081"]
2025-02-06 15:10:36 INFO  [main] o.a.catalina.core.StandardService - Starting service [Tomcat]
2025-02-06 15:10:36 INFO  [main] o.a.catalina.core.StandardEngine - Starting Servlet engine: [Apache Tomcat/9.0.46]
2025-02-06 15:10:36 INFO  [main] o.a.c.c.C.[Tomcat].[localhost].[/] - Initializing Spring embedded WebApplicationContext
2025-02-06 15:10:36 INFO  [main] o.s.b.w.s.c.ServletWebServerApplicationContext - Root WebApplicationContext: initialization completed in 1325 ms
2025-02-06 15:10:38 INFO  [main] o.s.s.web.DefaultSecurityFilterChain - Will secure any request with [org.springframework.security.web.context.request.async.WebAsyncManagerIntegrationFilter@273fa9e, org.springframework.security.web.context.SecurityContextPersistenceFilter@19827608, org.springframework.security.web.header.HeaderWriterFilter@696b52bc, org.springframework.web.filter.CorsFilter@527a8665, com.test.filter.JwtAuthenticationTokenFilter@7ff19c33, org.springframework.security.web.savedrequest.RequestCacheAwareFilter@14b528b6, org.springframework.security.web.servletapi.SecurityContextHolderAwareRequestFilter@329dc214, org.springframework.security.web.authentication.AnonymousAuthenticationFilter@7ab2a07e, org.springframework.security.web.session.SessionManagementFilter@19f02280, org.springframework.security.web.access.ExceptionTranslationFilter@2e0fdbe9, org.springframework.security.web.access.intercept.FilterSecurityInterceptor@491f8831]
2025-02-06 15:10:38 INFO  [main] o.a.coyote.http11.Http11NioProtocol - Starting ProtocolHandler ["http-nio-8081"]
2025-02-06 15:10:38 INFO  [main] o.s.b.w.e.tomcat.TomcatWebServer - Tomcat started on port(s): 8081 (http) with context path ''
2025-02-06 15:10:38 INFO  [main] com.test.Main - Started Main in 3.047 seconds (JVM running for 3.696)
2025-02-06 15:10:38 INFO  [main] o.s.b.a.ApplicationAvailabilityBean - Application availability state LivenessState changed to CORRECT
2025-02-06 15:10:38 INFO  [main] o.s.b.a.ApplicationAvailabilityBean - Application availability state ReadinessState changed to ACCEPTING_TRAFFIC
2025-02-06 15:12:17 INFO  [http-nio-8081-exec-1] o.a.c.c.C.[Tomcat].[localhost].[/] - Initializing Spring DispatcherServlet 'dispatcherServlet'
2025-02-06 15:12:17 INFO  [http-nio-8081-exec-1] o.s.web.servlet.DispatcherServlet - Initializing Servlet 'dispatcherServlet'
2025-02-06 15:12:17 INFO  [http-nio-8081-exec-1] o.s.web.servlet.DispatcherServlet - Completed initialization in 1 ms
2025-02-06 15:12:17 INFO  [http-nio-8081-exec-1] com.zaxxer.hikari.HikariDataSource - HikariPool-1 - Starting...
2025-02-06 15:12:17 INFO  [http-nio-8081-exec-1] com.zaxxer.hikari.HikariDataSource - HikariPool-1 - Start completed.
2025-02-06 15:12:18 INFO  [http-nio-8081-exec-1] c.test.service.impl.LoginServiceImpl - 登录用户为：18768186599,登录时间为：2025-02-06 15:12:18
