2024-10-08 10:37:16 INFO  [background-preinit] o.h.validator.internal.util.Version - HV000001: Hibernate Validator 6.2.0.Final
2024-10-08 10:37:16 INFO  [main] com.test.Main - Starting Main using Java 1.8.0_422 on YuDesktop with PID 2480 (C:\Users\Yu FAN\Desktop\web_dev\SpringbootProject\MVC\target\classes started by YuFAN in C:\Users\Yu FAN\Desktop\web_dev\SpringbootProject)
2024-10-08 10:37:16 INFO  [main] com.test.Main - No active profile set, falling back to default profiles: default
2024-10-08 10:37:16 WARN  [background-preinit] o.s.h.c.j.Jackson2ObjectMapperBuilder - For Jackson Kotlin classes support please add "com.fasterxml.jackson.module:jackson-module-kotlin" to the classpath
2024-10-08 10:37:17 INFO  [main] o.s.d.r.c.RepositoryConfigurationDelegate - Multiple Spring Data modules found, entering strict repository configuration mode!
2024-10-08 10:37:17 INFO  [main] o.s.d.r.c.RepositoryConfigurationDelegate - Bootstrapping Spring Data Redis repositories in DEFAULT mode.
2024-10-08 10:37:17 INFO  [main] o.s.d.r.c.RepositoryConfigurationDelegate - Finished Spring Data repository scanning in 13 ms. Found 0 Redis repository interfaces.
2024-10-08 10:37:17 INFO  [main] o.s.c.s.PostProcessorRegistrationDelegate$BeanPostProcessorChecker - Bean 'org.springframework.security.access.expression.method.DefaultMethodSecurityExpressionHandler@f202d6d' of type [org.springframework.security.access.expression.method.DefaultMethodSecurityExpressionHandler] is not eligible for getting processed by all BeanPostProcessors (for example: not eligible for auto-proxying)
2024-10-08 10:37:17 INFO  [main] o.s.c.s.PostProcessorRegistrationDelegate$BeanPostProcessorChecker - Bean 'methodSecurityMetadataSource' of type [org.springframework.security.access.method.DelegatingMethodSecurityMetadataSource] is not eligible for getting processed by all BeanPostProcessors (for example: not eligible for auto-proxying)
2024-10-08 10:37:17 INFO  [main] o.s.b.w.e.tomcat.TomcatWebServer - Tomcat initialized with port(s): 8081 (http)
2024-10-08 10:37:17 INFO  [main] o.a.coyote.http11.Http11NioProtocol - Initializing ProtocolHandler ["http-nio-8081"]
2024-10-08 10:37:17 INFO  [main] o.a.catalina.core.StandardService - Starting service [Tomcat]
2024-10-08 10:37:17 INFO  [main] o.a.catalina.core.StandardEngine - Starting Servlet engine: [Apache Tomcat/9.0.46]
2024-10-08 10:37:18 INFO  [main] o.a.c.c.C.[Tomcat].[localhost].[/] - Initializing Spring embedded WebApplicationContext
2024-10-08 10:37:18 INFO  [main] o.s.b.w.s.c.ServletWebServerApplicationContext - Root WebApplicationContext: initialization completed in 1842 ms
2024-10-08 10:37:19 INFO  [main] o.s.s.web.DefaultSecurityFilterChain - Will secure any request with [org.springframework.security.web.context.request.async.WebAsyncManagerIntegrationFilter@6c17c0f8, org.springframework.security.web.context.SecurityContextPersistenceFilter@7634f2b, org.springframework.security.web.header.HeaderWriterFilter@740dcae3, org.springframework.web.filter.CorsFilter@260e3837, com.test.filter.JwtAuthenticationTokenFilter@6242ae3b, org.springframework.security.web.savedrequest.RequestCacheAwareFilter@15639d09, org.springframework.security.web.servletapi.SecurityContextHolderAwareRequestFilter@4d98e41b, org.springframework.security.web.authentication.AnonymousAuthenticationFilter@88b76f2, org.springframework.security.web.session.SessionManagementFilter@577bf0aa, org.springframework.security.web.access.ExceptionTranslationFilter@14d25b6e, org.springframework.security.web.access.intercept.FilterSecurityInterceptor@6f1c3f18]
2024-10-08 10:37:19 INFO  [main] o.a.coyote.http11.Http11NioProtocol - Starting ProtocolHandler ["http-nio-8081"]
2024-10-08 10:37:19 INFO  [main] o.s.b.w.e.tomcat.TomcatWebServer - Tomcat started on port(s): 8081 (http) with context path ''
2024-10-08 10:37:19 INFO  [main] com.test.Main - Started Main in 3.801 seconds (JVM running for 6.773)
2024-10-08 10:37:19 INFO  [main] o.s.b.a.ApplicationAvailabilityBean - Application availability state LivenessState changed to CORRECT
2024-10-08 10:37:19 INFO  [main] o.s.b.a.ApplicationAvailabilityBean - Application availability state ReadinessState changed to ACCEPTING_TRAFFIC
2024-10-08 10:37:23 INFO  [http-nio-8081-exec-1] o.a.c.c.C.[Tomcat].[localhost].[/] - Initializing Spring DispatcherServlet 'dispatcherServlet'
2024-10-08 10:37:23 INFO  [http-nio-8081-exec-1] o.s.web.servlet.DispatcherServlet - Initializing Servlet 'dispatcherServlet'
2024-10-08 10:37:23 INFO  [http-nio-8081-exec-1] o.s.web.servlet.DispatcherServlet - Completed initialization in 1 ms
2024-10-08 12:48:42 INFO  [http-nio-8081-exec-9] c.test.service.impl.FileServiceImpl - 文件夹创建成功: C:\Users\Yu FAN\Desktop\web_dev\SpringbootProject\file\临平地区\临平项目1
2024-10-08 12:48:51 INFO  [http-nio-8081-exec-10] c.test.service.impl.FileServiceImpl - 文件夹创建成功: C:\Users\Yu FAN\Desktop\web_dev\SpringbootProject\file\临平地区\临平项目2
2024-10-08 12:49:01 INFO  [http-nio-8081-exec-2] c.test.service.impl.FileServiceImpl - 文件夹创建成功: C:\Users\Yu FAN\Desktop\web_dev\SpringbootProject\file\余杭地区\余杭项目1
2024-10-08 12:49:10 INFO  [http-nio-8081-exec-4] c.test.service.impl.FileServiceImpl - 文件夹创建成功: C:\Users\Yu FAN\Desktop\web_dev\SpringbootProject\file\余杭地区\余杭项目2
2024-10-08 12:50:14 INFO  [http-nio-8081-exec-9] c.test.service.impl.FileServiceImpl - 文件夹创建成功: C:\Users\Yu FAN\Desktop\web_dev\SpringbootProject\file\临平地区\临平项目1\项目1-阶段一
2024-10-08 14:28:28 INFO  [SpringContextShutdownHook] o.s.b.a.ApplicationAvailabilityBean - Application availability state ReadinessState changed from ACCEPTING_TRAFFIC to REFUSING_TRAFFIC
