2024-10-03 11:48:24 INFO  [background-preinit] o.h.validator.internal.util.Version - HV000001: Hibernate Validator 6.2.0.Final
2024-10-03 11:48:24 INFO  [main] com.test.Main - Starting Main using Java 1.8.0_422 on YuDesktop with PID 15192 (C:\Users\Yu FAN\Desktop\web_dev\SpringbootProject\MVC\target\classes started by YuFAN in C:\Users\Yu FAN\Desktop\web_dev\SpringbootProject)
2024-10-03 11:48:24 INFO  [main] com.test.Main - No active profile set, falling back to default profiles: default
2024-10-03 11:48:24 WARN  [background-preinit] o.s.h.c.j.Jackson2ObjectMapperBuilder - For Jackson Kotlin classes support please add "com.fasterxml.jackson.module:jackson-module-kotlin" to the classpath
2024-10-03 11:48:25 INFO  [main] o.s.d.r.c.RepositoryConfigurationDelegate - Multiple Spring Data modules found, entering strict repository configuration mode!
2024-10-03 11:48:25 INFO  [main] o.s.d.r.c.RepositoryConfigurationDelegate - Bootstrapping Spring Data Redis repositories in DEFAULT mode.
2024-10-03 11:48:25 INFO  [main] o.s.d.r.c.RepositoryConfigurationDelegate - Finished Spring Data repository scanning in 16 ms. Found 0 Redis repository interfaces.
2024-10-03 11:48:25 INFO  [main] o.s.c.s.PostProcessorRegistrationDelegate$BeanPostProcessorChecker - Bean 'org.springframework.security.access.expression.method.DefaultMethodSecurityExpressionHandler@57ce634f' of type [org.springframework.security.access.expression.method.DefaultMethodSecurityExpressionHandler] is not eligible for getting processed by all BeanPostProcessors (for example: not eligible for auto-proxying)
2024-10-03 11:48:25 INFO  [main] o.s.c.s.PostProcessorRegistrationDelegate$BeanPostProcessorChecker - Bean 'methodSecurityMetadataSource' of type [org.springframework.security.access.method.DelegatingMethodSecurityMetadataSource] is not eligible for getting processed by all BeanPostProcessors (for example: not eligible for auto-proxying)
2024-10-03 11:48:25 INFO  [main] o.s.b.w.e.tomcat.TomcatWebServer - Tomcat initialized with port(s): 8081 (http)
2024-10-03 11:48:25 INFO  [main] o.a.coyote.http11.Http11NioProtocol - Initializing ProtocolHandler ["http-nio-8081"]
2024-10-03 11:48:25 INFO  [main] o.a.catalina.core.StandardService - Starting service [Tomcat]
2024-10-03 11:48:25 INFO  [main] o.a.catalina.core.StandardEngine - Starting Servlet engine: [Apache Tomcat/9.0.46]
2024-10-03 11:48:25 INFO  [main] o.a.c.c.C.[Tomcat].[localhost].[/] - Initializing Spring embedded WebApplicationContext
2024-10-03 11:48:25 INFO  [main] o.s.b.w.s.c.ServletWebServerApplicationContext - Root WebApplicationContext: initialization completed in 1070 ms
2024-10-03 11:48:26 INFO  [main] o.s.s.web.DefaultSecurityFilterChain - Will secure any request with [org.springframework.security.web.context.request.async.WebAsyncManagerIntegrationFilter@a54acec, org.springframework.security.web.context.SecurityContextPersistenceFilter@f2d890c, org.springframework.security.web.header.HeaderWriterFilter@5ed5b321, org.springframework.web.filter.CorsFilter@19da993b, com.test.filter.JwtAuthenticationTokenFilter@6296474f, org.springframework.security.web.savedrequest.RequestCacheAwareFilter@5f025000, org.springframework.security.web.servletapi.SecurityContextHolderAwareRequestFilter@3d9f0a5, org.springframework.security.web.authentication.AnonymousAuthenticationFilter@3380ca3d, org.springframework.security.web.session.SessionManagementFilter@61149fa5, org.springframework.security.web.access.ExceptionTranslationFilter@73ca34e7, org.springframework.security.web.access.intercept.FilterSecurityInterceptor@2c604965]
2024-10-03 11:48:26 INFO  [main] o.a.coyote.http11.Http11NioProtocol - Starting ProtocolHandler ["http-nio-8081"]
2024-10-03 11:48:26 INFO  [main] o.s.b.w.e.tomcat.TomcatWebServer - Tomcat started on port(s): 8081 (http) with context path ''
2024-10-03 11:48:26 INFO  [main] com.test.Main - Started Main in 2.721 seconds (JVM running for 3.39)
2024-10-03 11:48:26 INFO  [main] o.s.b.a.ApplicationAvailabilityBean - Application availability state LivenessState changed to CORRECT
2024-10-03 11:48:26 INFO  [main] o.s.b.a.ApplicationAvailabilityBean - Application availability state ReadinessState changed to ACCEPTING_TRAFFIC
2024-10-03 11:49:21 INFO  [http-nio-8081-exec-1] o.a.c.c.C.[Tomcat].[localhost].[/] - Initializing Spring DispatcherServlet 'dispatcherServlet'
2024-10-03 11:49:21 INFO  [http-nio-8081-exec-1] o.s.web.servlet.DispatcherServlet - Initializing Servlet 'dispatcherServlet'
2024-10-03 11:49:21 INFO  [http-nio-8081-exec-1] o.s.web.servlet.DispatcherServlet - Completed initialization in 1 ms
2024-10-03 11:49:54 INFO  [http-nio-8081-exec-3] c.test.service.impl.FileServiceImpl - 文件夹创建成功: C:\Users\Yu FAN\Desktop\web_dev\SpringbootProject\file\abc
2024-10-03 12:01:42 WARN  [http-nio-8081-exec-6] c.test.service.impl.FileServiceImpl - 文件夹已存在: C:\Users\Yu FAN\Desktop\web_dev\SpringbootProject\file\abc
2024-10-03 12:06:41 INFO  [http-nio-8081-exec-8] c.test.service.impl.FileServiceImpl - 文件夹创建成功: C:\Users\Yu FAN\Desktop\web_dev\SpringbootProject\file\abc\abcd
2024-10-03 12:55:50 INFO  [http-nio-8081-exec-5] c.test.service.impl.FileServiceImpl - 文件夹创建成功: C:\Users\Yu FAN\Desktop\web_dev\SpringbootProject\file\余杭地区\test
2024-10-03 13:12:16 INFO  [http-nio-8081-exec-8] c.test.service.impl.FileServiceImpl - 文件夹创建成功: C:\Users\Yu FAN\Desktop\web_dev\SpringbootProject\file\余杭地区\test\hello
2024-10-03 13:17:15 INFO  [http-nio-8081-exec-5] c.test.service.impl.FileServiceImpl - 文件夹创建成功: C:\Users\Yu FAN\Desktop\web_dev\SpringbootProject\file\余杭地区\test\hello\hellotest
2024-10-03 21:35:35 INFO  [background-preinit] o.h.validator.internal.util.Version - HV000001: Hibernate Validator 6.2.0.Final
2024-10-03 21:35:35 INFO  [main] com.test.Main - Starting Main using Java 1.8.0_422 on YuDesktop with PID 25104 (C:\Users\Yu FAN\Desktop\web_dev\SpringbootProject\MVC\target\classes started by YuFAN in C:\Users\Yu FAN\Desktop\web_dev\SpringbootProject)
2024-10-03 21:35:35 INFO  [main] com.test.Main - No active profile set, falling back to default profiles: default
2024-10-03 21:35:35 WARN  [background-preinit] o.s.h.c.j.Jackson2ObjectMapperBuilder - For Jackson Kotlin classes support please add "com.fasterxml.jackson.module:jackson-module-kotlin" to the classpath
2024-10-03 21:35:36 INFO  [main] o.s.d.r.c.RepositoryConfigurationDelegate - Multiple Spring Data modules found, entering strict repository configuration mode!
2024-10-03 21:35:36 INFO  [main] o.s.d.r.c.RepositoryConfigurationDelegate - Bootstrapping Spring Data Redis repositories in DEFAULT mode.
2024-10-03 21:35:36 INFO  [main] o.s.d.r.c.RepositoryConfigurationDelegate - Finished Spring Data repository scanning in 10 ms. Found 0 Redis repository interfaces.
2024-10-03 21:35:36 INFO  [main] o.s.c.s.PostProcessorRegistrationDelegate$BeanPostProcessorChecker - Bean 'org.springframework.security.access.expression.method.DefaultMethodSecurityExpressionHandler@b8a7e43' of type [org.springframework.security.access.expression.method.DefaultMethodSecurityExpressionHandler] is not eligible for getting processed by all BeanPostProcessors (for example: not eligible for auto-proxying)
2024-10-03 21:35:36 INFO  [main] o.s.c.s.PostProcessorRegistrationDelegate$BeanPostProcessorChecker - Bean 'methodSecurityMetadataSource' of type [org.springframework.security.access.method.DelegatingMethodSecurityMetadataSource] is not eligible for getting processed by all BeanPostProcessors (for example: not eligible for auto-proxying)
2024-10-03 21:35:36 INFO  [main] o.s.b.w.e.tomcat.TomcatWebServer - Tomcat initialized with port(s): 8081 (http)
2024-10-03 21:35:36 INFO  [main] o.a.coyote.http11.Http11NioProtocol - Initializing ProtocolHandler ["http-nio-8081"]
2024-10-03 21:35:36 INFO  [main] o.a.catalina.core.StandardService - Starting service [Tomcat]
2024-10-03 21:35:36 INFO  [main] o.a.catalina.core.StandardEngine - Starting Servlet engine: [Apache Tomcat/9.0.46]
2024-10-03 21:35:36 INFO  [main] o.a.c.c.C.[Tomcat].[localhost].[/] - Initializing Spring embedded WebApplicationContext
2024-10-03 21:35:36 INFO  [main] o.s.b.w.s.c.ServletWebServerApplicationContext - Root WebApplicationContext: initialization completed in 1127 ms
2024-10-03 21:35:37 INFO  [main] o.s.s.web.DefaultSecurityFilterChain - Will secure any request with [org.springframework.security.web.context.request.async.WebAsyncManagerIntegrationFilter@7df6d663, org.springframework.security.web.context.SecurityContextPersistenceFilter@58eac00e, org.springframework.security.web.header.HeaderWriterFilter@611e5819, org.springframework.web.filter.CorsFilter@13d019a4, com.test.filter.JwtAuthenticationTokenFilter@600f5704, org.springframework.security.web.savedrequest.RequestCacheAwareFilter@61149fa5, org.springframework.security.web.servletapi.SecurityContextHolderAwareRequestFilter@739e8b96, org.springframework.security.web.authentication.AnonymousAuthenticationFilter@2c30c81d, org.springframework.security.web.session.SessionManagementFilter@541bf968, org.springframework.security.web.access.ExceptionTranslationFilter@4fba8eec, org.springframework.security.web.access.intercept.FilterSecurityInterceptor@db99785]
2024-10-03 21:35:37 INFO  [main] o.a.coyote.http11.Http11NioProtocol - Starting ProtocolHandler ["http-nio-8081"]
2024-10-03 21:35:37 INFO  [main] o.s.b.w.e.tomcat.TomcatWebServer - Tomcat started on port(s): 8081 (http) with context path ''
2024-10-03 21:35:37 INFO  [main] com.test.Main - Started Main in 2.479 seconds (JVM running for 3.13)
2024-10-03 21:35:37 INFO  [main] o.s.b.a.ApplicationAvailabilityBean - Application availability state LivenessState changed to CORRECT
2024-10-03 21:35:37 INFO  [main] o.s.b.a.ApplicationAvailabilityBean - Application availability state ReadinessState changed to ACCEPTING_TRAFFIC
2024-10-03 21:35:52 INFO  [http-nio-8081-exec-1] o.a.c.c.C.[Tomcat].[localhost].[/] - Initializing Spring DispatcherServlet 'dispatcherServlet'
2024-10-03 21:35:52 INFO  [http-nio-8081-exec-1] o.s.web.servlet.DispatcherServlet - Initializing Servlet 'dispatcherServlet'
2024-10-03 21:35:52 INFO  [http-nio-8081-exec-1] o.s.web.servlet.DispatcherServlet - Completed initialization in 1 ms
2024-10-03 22:12:12 INFO  [http-nio-8081-exec-8] c.test.service.impl.FileServiceImpl - 文件夹创建成功: C:\Users\Yu FAN\Desktop\web_dev\SpringbootProject\file\余杭地区\abctest
2024-10-03 22:22:46 INFO  [http-nio-8081-exec-1] c.test.service.impl.FileServiceImpl - 文件夹创建成功: C:\Users\Yu FAN\Desktop\web_dev\SpringbootProject\file\余杭地区\abctest\abctest1
