2024-10-16 10:28:58 INFO  [background-preinit] o.h.validator.internal.util.Version - HV000001: Hibernate Validator 6.2.0.Final
2024-10-16 10:28:58 INFO  [main] com.test.Main - Starting Main using Java 1.8.0_422 on YuDesktop with PID 19308 (C:\Users\Yu FAN\Desktop\web_dev\SpringbootProject\MVC\target\classes started by YuFAN in C:\Users\Yu FAN\Desktop\web_dev\SpringbootProject)
2024-10-16 10:28:58 INFO  [main] com.test.Main - No active profile set, falling back to default profiles: default
2024-10-16 10:28:58 WARN  [background-preinit] o.s.h.c.j.Jackson2ObjectMapperBuilder - For Jackson Kotlin classes support please add "com.fasterxml.jackson.module:jackson-module-kotlin" to the classpath
2024-10-16 10:28:59 INFO  [main] o.s.d.r.c.RepositoryConfigurationDelegate - Multiple Spring Data modules found, entering strict repository configuration mode!
2024-10-16 10:28:59 INFO  [main] o.s.d.r.c.RepositoryConfigurationDelegate - Bootstrapping Spring Data Redis repositories in DEFAULT mode.
2024-10-16 10:28:59 INFO  [main] o.s.d.r.c.RepositoryConfigurationDelegate - Finished Spring Data repository scanning in 13 ms. Found 0 Redis repository interfaces.
2024-10-16 10:28:59 INFO  [main] o.s.c.s.PostProcessorRegistrationDelegate$BeanPostProcessorChecker - Bean 'org.springframework.security.access.expression.method.DefaultMethodSecurityExpressionHandler@b8a7e43' of type [org.springframework.security.access.expression.method.DefaultMethodSecurityExpressionHandler] is not eligible for getting processed by all BeanPostProcessors (for example: not eligible for auto-proxying)
2024-10-16 10:28:59 INFO  [main] o.s.c.s.PostProcessorRegistrationDelegate$BeanPostProcessorChecker - Bean 'methodSecurityMetadataSource' of type [org.springframework.security.access.method.DelegatingMethodSecurityMetadataSource] is not eligible for getting processed by all BeanPostProcessors (for example: not eligible for auto-proxying)
2024-10-16 10:28:59 INFO  [main] o.s.b.w.e.tomcat.TomcatWebServer - Tomcat initialized with port(s): 8081 (http)
2024-10-16 10:28:59 INFO  [main] o.a.coyote.http11.Http11NioProtocol - Initializing ProtocolHandler ["http-nio-8081"]
2024-10-16 10:28:59 INFO  [main] o.a.catalina.core.StandardService - Starting service [Tomcat]
2024-10-16 10:28:59 INFO  [main] o.a.catalina.core.StandardEngine - Starting Servlet engine: [Apache Tomcat/9.0.46]
2024-10-16 10:28:59 INFO  [main] o.a.c.c.C.[Tomcat].[localhost].[/] - Initializing Spring embedded WebApplicationContext
2024-10-16 10:28:59 INFO  [main] o.s.b.w.s.c.ServletWebServerApplicationContext - Root WebApplicationContext: initialization completed in 1239 ms
2024-10-16 10:29:00 INFO  [main] o.s.s.web.DefaultSecurityFilterChain - Will secure any request with [org.springframework.security.web.context.request.async.WebAsyncManagerIntegrationFilter@69c532af, org.springframework.security.web.context.SecurityContextPersistenceFilter@52831a73, org.springframework.security.web.header.HeaderWriterFilter@1cb9ef52, org.springframework.web.filter.CorsFilter@45a1d057, com.test.filter.JwtAuthenticationTokenFilter@404db674, org.springframework.security.web.savedrequest.RequestCacheAwareFilter@66ec4409, org.springframework.security.web.servletapi.SecurityContextHolderAwareRequestFilter@54af3cb9, org.springframework.security.web.authentication.AnonymousAuthenticationFilter@51a16adf, org.springframework.security.web.session.SessionManagementFilter@4c07d1fc, org.springframework.security.web.access.ExceptionTranslationFilter@549ac12c, org.springframework.security.web.access.intercept.FilterSecurityInterceptor@3380ca3d]
2024-10-16 10:29:00 INFO  [main] o.a.coyote.http11.Http11NioProtocol - Starting ProtocolHandler ["http-nio-8081"]
2024-10-16 10:29:00 INFO  [main] o.s.b.w.e.tomcat.TomcatWebServer - Tomcat started on port(s): 8081 (http) with context path ''
2024-10-16 10:29:00 INFO  [main] com.test.Main - Started Main in 2.739 seconds (JVM running for 3.4)
2024-10-16 10:29:00 INFO  [main] o.s.b.a.ApplicationAvailabilityBean - Application availability state LivenessState changed to CORRECT
2024-10-16 10:29:00 INFO  [main] o.s.b.a.ApplicationAvailabilityBean - Application availability state ReadinessState changed to ACCEPTING_TRAFFIC
2024-10-16 10:38:16 INFO  [http-nio-8081-exec-1] o.a.c.c.C.[Tomcat].[localhost].[/] - Initializing Spring DispatcherServlet 'dispatcherServlet'
2024-10-16 10:38:16 INFO  [http-nio-8081-exec-1] o.s.web.servlet.DispatcherServlet - Initializing Servlet 'dispatcherServlet'
2024-10-16 10:38:16 INFO  [http-nio-8081-exec-1] o.s.web.servlet.DispatcherServlet - Completed initialization in 1 ms
2024-10-16 16:41:46 INFO  [background-preinit] o.h.validator.internal.util.Version - HV000001: Hibernate Validator 6.2.0.Final
2024-10-16 16:41:46 INFO  [main] com.test.Main - Starting Main using Java 1.8.0_422 on YuDesktop with PID 10304 (C:\Users\Yu FAN\Desktop\web_dev\SpringbootProject\MVC\target\classes started by YuFAN in C:\Users\Yu FAN\Desktop\web_dev\SpringbootProject)
2024-10-16 16:41:46 INFO  [main] com.test.Main - No active profile set, falling back to default profiles: default
2024-10-16 16:41:47 WARN  [background-preinit] o.s.h.c.j.Jackson2ObjectMapperBuilder - For Jackson Kotlin classes support please add "com.fasterxml.jackson.module:jackson-module-kotlin" to the classpath
2024-10-16 16:41:47 INFO  [main] o.s.d.r.c.RepositoryConfigurationDelegate - Multiple Spring Data modules found, entering strict repository configuration mode!
2024-10-16 16:41:47 INFO  [main] o.s.d.r.c.RepositoryConfigurationDelegate - Bootstrapping Spring Data Redis repositories in DEFAULT mode.
2024-10-16 16:41:47 INFO  [main] o.s.d.r.c.RepositoryConfigurationDelegate - Finished Spring Data repository scanning in 12 ms. Found 0 Redis repository interfaces.
2024-10-16 16:41:47 INFO  [main] o.s.c.s.PostProcessorRegistrationDelegate$BeanPostProcessorChecker - Bean 'org.springframework.security.access.expression.method.DefaultMethodSecurityExpressionHandler@56f71edb' of type [org.springframework.security.access.expression.method.DefaultMethodSecurityExpressionHandler] is not eligible for getting processed by all BeanPostProcessors (for example: not eligible for auto-proxying)
2024-10-16 16:41:47 INFO  [main] o.s.c.s.PostProcessorRegistrationDelegate$BeanPostProcessorChecker - Bean 'methodSecurityMetadataSource' of type [org.springframework.security.access.method.DelegatingMethodSecurityMetadataSource] is not eligible for getting processed by all BeanPostProcessors (for example: not eligible for auto-proxying)
2024-10-16 16:41:48 INFO  [main] o.s.b.w.e.tomcat.TomcatWebServer - Tomcat initialized with port(s): 8081 (http)
2024-10-16 16:41:48 INFO  [main] o.a.coyote.http11.Http11NioProtocol - Initializing ProtocolHandler ["http-nio-8081"]
2024-10-16 16:41:48 INFO  [main] o.a.catalina.core.StandardService - Starting service [Tomcat]
2024-10-16 16:41:48 INFO  [main] o.a.catalina.core.StandardEngine - Starting Servlet engine: [Apache Tomcat/9.0.46]
2024-10-16 16:41:48 INFO  [main] o.a.c.c.C.[Tomcat].[localhost].[/] - Initializing Spring embedded WebApplicationContext
2024-10-16 16:41:48 INFO  [main] o.s.b.w.s.c.ServletWebServerApplicationContext - Root WebApplicationContext: initialization completed in 1130 ms
2024-10-16 16:41:49 INFO  [main] o.s.s.web.DefaultSecurityFilterChain - Will secure any request with [org.springframework.security.web.context.request.async.WebAsyncManagerIntegrationFilter@a54acec, org.springframework.security.web.context.SecurityContextPersistenceFilter@f2d890c, org.springframework.security.web.header.HeaderWriterFilter@5ed5b321, org.springframework.web.filter.CorsFilter@19da993b, com.test.filter.JwtAuthenticationTokenFilter@600f5704, org.springframework.security.web.savedrequest.RequestCacheAwareFilter@5f025000, org.springframework.security.web.servletapi.SecurityContextHolderAwareRequestFilter@3d9f0a5, org.springframework.security.web.authentication.AnonymousAuthenticationFilter@3380ca3d, org.springframework.security.web.session.SessionManagementFilter@61149fa5, org.springframework.security.web.access.ExceptionTranslationFilter@73ca34e7, org.springframework.security.web.access.intercept.FilterSecurityInterceptor@2c604965]
2024-10-16 16:41:49 INFO  [main] o.a.coyote.http11.Http11NioProtocol - Starting ProtocolHandler ["http-nio-8081"]
2024-10-16 16:41:49 INFO  [main] o.s.b.w.e.tomcat.TomcatWebServer - Tomcat started on port(s): 8081 (http) with context path ''
2024-10-16 16:41:49 INFO  [main] com.test.Main - Started Main in 2.564 seconds (JVM running for 3.219)
2024-10-16 16:41:49 INFO  [main] o.s.b.a.ApplicationAvailabilityBean - Application availability state LivenessState changed to CORRECT
2024-10-16 16:41:49 INFO  [main] o.s.b.a.ApplicationAvailabilityBean - Application availability state ReadinessState changed to ACCEPTING_TRAFFIC
2024-10-16 16:41:52 INFO  [http-nio-8081-exec-1] o.a.c.c.C.[Tomcat].[localhost].[/] - Initializing Spring DispatcherServlet 'dispatcherServlet'
2024-10-16 16:41:52 INFO  [http-nio-8081-exec-1] o.s.web.servlet.DispatcherServlet - Initializing Servlet 'dispatcherServlet'
2024-10-16 16:41:52 INFO  [http-nio-8081-exec-1] o.s.web.servlet.DispatcherServlet - Completed initialization in 1 ms
