2024-10-07 08:04:49 INFO  [background-preinit] o.h.validator.internal.util.Version - HV000001: Hibernate Validator 6.2.0.Final
2024-10-07 08:04:49 INFO  [main] com.test.Main - Starting Main using Java 1.8.0_422 on YuDesktop with PID 9064 (C:\Users\Yu FAN\Desktop\web_dev\SpringbootProject\MVC\target\classes started by YuFAN in C:\Users\Yu FAN\Desktop\web_dev\SpringbootProject)
2024-10-07 08:04:49 INFO  [main] com.test.Main - No active profile set, falling back to default profiles: default
2024-10-07 08:04:49 WARN  [background-preinit] o.s.h.c.j.Jackson2ObjectMapperBuilder - For Jackson Kotlin classes support please add "com.fasterxml.jackson.module:jackson-module-kotlin" to the classpath
2024-10-07 08:04:50 INFO  [main] o.s.d.r.c.RepositoryConfigurationDelegate - Multiple Spring Data modules found, entering strict repository configuration mode!
2024-10-07 08:04:50 INFO  [main] o.s.d.r.c.RepositoryConfigurationDelegate - Bootstrapping Spring Data Redis repositories in DEFAULT mode.
2024-10-07 08:04:50 INFO  [main] o.s.d.r.c.RepositoryConfigurationDelegate - Finished Spring Data repository scanning in 13 ms. Found 0 Redis repository interfaces.
2024-10-07 08:04:50 INFO  [main] o.s.c.s.PostProcessorRegistrationDelegate$BeanPostProcessorChecker - Bean 'org.springframework.security.access.expression.method.DefaultMethodSecurityExpressionHandler@35835fa' of type [org.springframework.security.access.expression.method.DefaultMethodSecurityExpressionHandler] is not eligible for getting processed by all BeanPostProcessors (for example: not eligible for auto-proxying)
2024-10-07 08:04:50 INFO  [main] o.s.c.s.PostProcessorRegistrationDelegate$BeanPostProcessorChecker - Bean 'methodSecurityMetadataSource' of type [org.springframework.security.access.method.DelegatingMethodSecurityMetadataSource] is not eligible for getting processed by all BeanPostProcessors (for example: not eligible for auto-proxying)
2024-10-07 08:04:50 INFO  [main] o.s.b.w.e.tomcat.TomcatWebServer - Tomcat initialized with port(s): 8081 (http)
2024-10-07 08:04:50 INFO  [main] o.a.coyote.http11.Http11NioProtocol - Initializing ProtocolHandler ["http-nio-8081"]
2024-10-07 08:04:50 INFO  [main] o.a.catalina.core.StandardService - Starting service [Tomcat]
2024-10-07 08:04:50 INFO  [main] o.a.catalina.core.StandardEngine - Starting Servlet engine: [Apache Tomcat/9.0.46]
2024-10-07 08:04:50 INFO  [main] o.a.c.c.C.[Tomcat].[localhost].[/] - Initializing Spring embedded WebApplicationContext
2024-10-07 08:04:50 INFO  [main] o.s.b.w.s.c.ServletWebServerApplicationContext - Root WebApplicationContext: initialization completed in 1237 ms
2024-10-07 08:04:52 INFO  [main] o.s.s.web.DefaultSecurityFilterChain - Will secure any request with [org.springframework.security.web.context.request.async.WebAsyncManagerIntegrationFilter@88b76f2, org.springframework.security.web.context.SecurityContextPersistenceFilter@15639d09, org.springframework.security.web.header.HeaderWriterFilter@56826a75, org.springframework.web.filter.CorsFilter@1b4872bc, com.test.filter.JwtAuthenticationTokenFilter@34b9eb03, org.springframework.security.web.savedrequest.RequestCacheAwareFilter@52bd9a27, org.springframework.security.web.servletapi.SecurityContextHolderAwareRequestFilter@5696c927, org.springframework.security.web.authentication.AnonymousAuthenticationFilter@498a612d, org.springframework.security.web.session.SessionManagementFilter@7634f2b, org.springframework.security.web.access.ExceptionTranslationFilter@29d405e6, org.springframework.security.web.access.intercept.FilterSecurityInterceptor@489bc8fd]
2024-10-07 08:04:52 INFO  [main] o.a.coyote.http11.Http11NioProtocol - Starting ProtocolHandler ["http-nio-8081"]
2024-10-07 08:04:52 INFO  [main] o.s.b.w.e.tomcat.TomcatWebServer - Tomcat started on port(s): 8081 (http) with context path ''
2024-10-07 08:04:52 INFO  [main] com.test.Main - Started Main in 2.917 seconds (JVM running for 3.63)
2024-10-07 08:04:52 INFO  [main] o.s.b.a.ApplicationAvailabilityBean - Application availability state LivenessState changed to CORRECT
2024-10-07 08:04:52 INFO  [main] o.s.b.a.ApplicationAvailabilityBean - Application availability state ReadinessState changed to ACCEPTING_TRAFFIC
2024-10-07 08:04:57 INFO  [http-nio-8081-exec-1] o.a.c.c.C.[Tomcat].[localhost].[/] - Initializing Spring DispatcherServlet 'dispatcherServlet'
2024-10-07 08:04:57 INFO  [http-nio-8081-exec-1] o.s.web.servlet.DispatcherServlet - Initializing Servlet 'dispatcherServlet'
2024-10-07 08:04:57 INFO  [http-nio-8081-exec-1] o.s.web.servlet.DispatcherServlet - Completed initialization in 1 ms
2024-10-07 08:20:09 INFO  [http-nio-8081-exec-4] c.test.service.impl.FileServiceImpl - 文件夹创建成功: C:\Users\Yu FAN\Desktop\web_dev\SpringbootProject\file\余杭地区\test\test1
2024-10-07 23:47:33 INFO  [background-preinit] o.h.validator.internal.util.Version - HV000001: Hibernate Validator 6.2.0.Final
2024-10-07 23:47:33 INFO  [main] com.test.Main - Starting Main using Java 1.8.0_422 on YuDesktop with PID 4452 (C:\Users\Yu FAN\Desktop\web_dev\SpringbootProject\MVC\target\classes started by YuFAN in C:\Users\Yu FAN\Desktop\web_dev\SpringbootProject)
2024-10-07 23:47:33 INFO  [main] com.test.Main - No active profile set, falling back to default profiles: default
2024-10-07 23:47:33 WARN  [background-preinit] o.s.h.c.j.Jackson2ObjectMapperBuilder - For Jackson Kotlin classes support please add "com.fasterxml.jackson.module:jackson-module-kotlin" to the classpath
2024-10-07 23:47:34 INFO  [main] o.s.d.r.c.RepositoryConfigurationDelegate - Multiple Spring Data modules found, entering strict repository configuration mode!
2024-10-07 23:47:34 INFO  [main] o.s.d.r.c.RepositoryConfigurationDelegate - Bootstrapping Spring Data Redis repositories in DEFAULT mode.
2024-10-07 23:47:34 INFO  [main] o.s.d.r.c.RepositoryConfigurationDelegate - Finished Spring Data repository scanning in 11 ms. Found 0 Redis repository interfaces.
2024-10-07 23:47:34 INFO  [main] o.s.c.s.PostProcessorRegistrationDelegate$BeanPostProcessorChecker - Bean 'org.springframework.security.access.expression.method.DefaultMethodSecurityExpressionHandler@56f71edb' of type [org.springframework.security.access.expression.method.DefaultMethodSecurityExpressionHandler] is not eligible for getting processed by all BeanPostProcessors (for example: not eligible for auto-proxying)
2024-10-07 23:47:34 INFO  [main] o.s.c.s.PostProcessorRegistrationDelegate$BeanPostProcessorChecker - Bean 'methodSecurityMetadataSource' of type [org.springframework.security.access.method.DelegatingMethodSecurityMetadataSource] is not eligible for getting processed by all BeanPostProcessors (for example: not eligible for auto-proxying)
2024-10-07 23:47:34 INFO  [main] o.s.b.w.e.tomcat.TomcatWebServer - Tomcat initialized with port(s): 8081 (http)
2024-10-07 23:47:34 INFO  [main] o.a.coyote.http11.Http11NioProtocol - Initializing ProtocolHandler ["http-nio-8081"]
2024-10-07 23:47:34 INFO  [main] o.a.catalina.core.StandardService - Starting service [Tomcat]
2024-10-07 23:47:34 INFO  [main] o.a.catalina.core.StandardEngine - Starting Servlet engine: [Apache Tomcat/9.0.46]
2024-10-07 23:47:34 INFO  [main] o.a.c.c.C.[Tomcat].[localhost].[/] - Initializing Spring embedded WebApplicationContext
2024-10-07 23:47:34 INFO  [main] o.s.b.w.s.c.ServletWebServerApplicationContext - Root WebApplicationContext: initialization completed in 1258 ms
2024-10-07 23:47:35 INFO  [main] o.s.s.web.DefaultSecurityFilterChain - Will secure any request with [org.springframework.security.web.context.request.async.WebAsyncManagerIntegrationFilter@60e1d87c, org.springframework.security.web.context.SecurityContextPersistenceFilter@1953bc95, org.springframework.security.web.header.HeaderWriterFilter@6acffb2d, org.springframework.web.filter.CorsFilter@2eb60c71, com.test.filter.JwtAuthenticationTokenFilter@600f5704, org.springframework.security.web.savedrequest.RequestCacheAwareFilter@549ac12c, org.springframework.security.web.servletapi.SecurityContextHolderAwareRequestFilter@415d88de, org.springframework.security.web.authentication.AnonymousAuthenticationFilter@87d9a01, org.springframework.security.web.session.SessionManagementFilter@49c099b, org.springframework.security.web.access.ExceptionTranslationFilter@739265f1, org.springframework.security.web.access.intercept.FilterSecurityInterceptor@1578b8ec]
2024-10-07 23:47:35 INFO  [main] o.a.coyote.http11.Http11NioProtocol - Starting ProtocolHandler ["http-nio-8081"]
2024-10-07 23:47:35 INFO  [main] o.s.b.w.e.tomcat.TomcatWebServer - Tomcat started on port(s): 8081 (http) with context path ''
2024-10-07 23:47:35 INFO  [main] com.test.Main - Started Main in 2.66 seconds (JVM running for 3.272)
2024-10-07 23:47:35 INFO  [main] o.s.b.a.ApplicationAvailabilityBean - Application availability state LivenessState changed to CORRECT
2024-10-07 23:47:35 INFO  [main] o.s.b.a.ApplicationAvailabilityBean - Application availability state ReadinessState changed to ACCEPTING_TRAFFIC
2024-10-07 23:48:07 INFO  [http-nio-8081-exec-1] o.a.c.c.C.[Tomcat].[localhost].[/] - Initializing Spring DispatcherServlet 'dispatcherServlet'
2024-10-07 23:48:07 INFO  [http-nio-8081-exec-1] o.s.web.servlet.DispatcherServlet - Initializing Servlet 'dispatcherServlet'
2024-10-07 23:48:07 INFO  [http-nio-8081-exec-1] o.s.web.servlet.DispatcherServlet - Completed initialization in 1 ms
